<?xml version="1.0" encoding="UTF-8"?>
<!-- Generated by org.testng.reporters.JUnitXMLReporter -->
<testsuite ignored="0" hostname="DESKTOP-F31FRO2" failures="0" tests="3" name="Default test" time="57.025" errors="0" timestamp="2022-04-03T13:18:18 IST">
  <testcase classname="sauceDemoProjectTestClassPOMWithPF.SauceDemoTestClassWithPOMPFTestNG" name="click" time="4.177"/>
  <testcase classname="sauceDemoProjectTestClassPOMWithPF.SauceDemoTestClassWithPOMPFTestNG" name="test2" time="19.813"/>
  <testcase classname="sauceDemoProjectTestClassPOMWithPF.SauceDemoTestClassWithPOMPFTestNG" name="test3" time="0.229"/>
</testsuite> <!-- Default test -->
