<?xml version="1.0" encoding="UTF-8"?>
<testng-results ignored="0" total="3" passed="3" failed="0" skipped="0">
  <reporter-output>
    <line>
      <![CDATA[passed]]>
    </line>
  </reporter-output>
  <suite started-at="2022-04-03T13:17:21 IST" name="Default suite" finished-at="2022-04-03T13:18:18 IST" duration-ms="57025">
    <groups>
    </groups>
    <test started-at="2022-04-03T13:17:21 IST" name="Default test" finished-at="2022-04-03T13:18:18 IST" duration-ms="57025">
      <class name="sauceDemoProjectTestClassPOMWithPF.SauceDemoTestClassWithPOMPFTestNG">
        <test-method is-config="true" signature="launchbrowser()[pri:0, instance:sauceDemoProjectTestClassPOMWithPF.SauceDemoTestClassWithPOMPFTestNG@44ebcd03]" started-at="2022-04-03T13:17:21 IST" name="launchbrowser" finished-at="2022-04-03T13:17:36 IST" duration-ms="15694" status="PASS">
          <reporter-output>
          </reporter-output>
        </test-method> <!-- launchbrowser -->
        <test-method is-config="true" signature="logintoapplication()[pri:0, instance:sauceDemoProjectTestClassPOMWithPF.SauceDemoTestClassWithPOMPFTestNG@44ebcd03]" started-at="2022-04-03T13:17:36 IST" name="logintoapplication" finished-at="2022-04-03T13:17:39 IST" duration-ms="2910" status="PASS">
          <reporter-output>
          </reporter-output>
        </test-method> <!-- logintoapplication -->
        <test-method signature="click()[pri:0, instance:sauceDemoProjectTestClassPOMWithPF.SauceDemoTestClassWithPOMPFTestNG@44ebcd03]" started-at="2022-04-03T13:17:39 IST" name="click" finished-at="2022-04-03T13:17:43 IST" duration-ms="4177" status="PASS">
          <reporter-output>
          </reporter-output>
        </test-method> <!-- click -->
        <test-method is-config="true" signature="logoutapplication()[pri:0, instance:sauceDemoProjectTestClassPOMWithPF.SauceDemoTestClassWithPOMPFTestNG@44ebcd03]" started-at="2022-04-03T13:17:44 IST" name="logoutapplication" finished-at="2022-04-03T13:17:46 IST" duration-ms="2273" status="PASS">
          <reporter-output>
          </reporter-output>
        </test-method> <!-- logoutapplication -->
        <test-method is-config="true" signature="logintoapplication()[pri:0, instance:sauceDemoProjectTestClassPOMWithPF.SauceDemoTestClassWithPOMPFTestNG@44ebcd03]" started-at="2022-04-03T13:17:46 IST" name="logintoapplication" finished-at="2022-04-03T13:17:49 IST" duration-ms="2384" status="PASS">
          <reporter-output>
          </reporter-output>
        </test-method> <!-- logintoapplication -->
        <test-method signature="test2()[pri:0, instance:sauceDemoProjectTestClassPOMWithPF.SauceDemoTestClassWithPOMPFTestNG@44ebcd03]" started-at="2022-04-03T13:17:49 IST" name="test2" finished-at="2022-04-03T13:18:09 IST" duration-ms="19813" status="PASS">
          <reporter-output>
          </reporter-output>
        </test-method> <!-- test2 -->
        <test-method is-config="true" signature="logoutapplication()[pri:0, instance:sauceDemoProjectTestClassPOMWithPF.SauceDemoTestClassWithPOMPFTestNG@44ebcd03]" started-at="2022-04-03T13:18:09 IST" name="logoutapplication" finished-at="2022-04-03T13:18:11 IST" duration-ms="2159" status="PASS">
          <reporter-output>
          </reporter-output>
        </test-method> <!-- logoutapplication -->
        <test-method is-config="true" signature="logintoapplication()[pri:0, instance:sauceDemoProjectTestClassPOMWithPF.SauceDemoTestClassWithPOMPFTestNG@44ebcd03]" started-at="2022-04-03T13:18:11 IST" name="logintoapplication" finished-at="2022-04-03T13:18:13 IST" duration-ms="2333" status="PASS">
          <reporter-output>
          </reporter-output>
        </test-method> <!-- logintoapplication -->
        <test-method signature="test3()[pri:0, instance:sauceDemoProjectTestClassPOMWithPF.SauceDemoTestClassWithPOMPFTestNG@44ebcd03]" started-at="2022-04-03T13:18:13 IST" name="test3" finished-at="2022-04-03T13:18:14 IST" duration-ms="229" status="PASS">
          <reporter-output>
            <line>
              <![CDATA[passed]]>
            </line>
          </reporter-output>
        </test-method> <!-- test3 -->
        <test-method is-config="true" signature="logoutapplication()[pri:0, instance:sauceDemoProjectTestClassPOMWithPF.SauceDemoTestClassWithPOMPFTestNG@44ebcd03]" started-at="2022-04-03T13:18:14 IST" name="logoutapplication" finished-at="2022-04-03T13:18:16 IST" duration-ms="2200" status="PASS">
          <reporter-output>
          </reporter-output>
        </test-method> <!-- logoutapplication -->
        <test-method is-config="true" signature="closedbrowser()[pri:0, instance:sauceDemoProjectTestClassPOMWithPF.SauceDemoTestClassWithPOMPFTestNG@44ebcd03]" started-at="2022-04-03T13:18:16 IST" name="closedbrowser" finished-at="2022-04-03T13:18:18 IST" duration-ms="1702" status="PASS">
          <reporter-output>
          </reporter-output>
        </test-method> <!-- closedbrowser -->
      </class> <!-- sauceDemoProjectTestClassPOMWithPF.SauceDemoTestClassWithPOMPFTestNG -->
    </test> <!-- Default test -->
  </suite> <!-- Default suite -->
</testng-results>
